2024-10-02T10:43:27.499232  level=INFO component=backend Failed to retrieve data from API.
2024-10-02T10:43:29.850869  level=WARNING component=backend Scheduled task completed successfully.
2024-10-02T10:43:34.067564  level=DEBUG component=backend Unexpected error occurred in processing request.
2024-10-02T10:43:39.062400  level=WARNING component=backend Unexpected error occurred in processing request.
2024-10-02T10:43:40.993194  level=INFO component=backend User authentication succeeded.
2024-10-02T10:43:45.062832  level=CRITICAL component=backend User authentication succeeded.
2024-10-02T10:43:46.515815  level=INFO component=backend Scheduled task completed successfully.
2024-10-02T10:43:47.897494  level=CRITICAL component=backend Cache miss for key user_123.
2024-10-02T10:43:52.885097  level=ERROR component=backend Failed to retrieve data from API.
2024-10-02T10:49:35.702565  level=WARNING component=backend Database connection established.
2024-10-02T10:49:38.406918  level=WARNING component=backend Failed to retrieve data from API.
2024-10-02T10:49:42.181652  level=ERROR component=backend Unexpected error occurred in processing request.
2024-10-02T10:49:45.562568  level=CRITICAL component=backend Scheduled task completed successfully.
2024-10-02T10:49:48.695188  level=ERROR component=backend Cache miss for key user_123.
2024-10-02T10:49:50.948928  level=ERROR component=backend Scheduled task completed successfully.
2024-10-02T10:49:52.900860  level=ERROR component=backend Unexpected error occurred in processing request.
2024-10-02T10:49:55.985523  level=CRITICAL component=backend Cache miss for key user_123.
2024-10-02T10:49:59.704044  level=DEBUG component=backend Scheduled task completed successfully.
2024-10-02T10:50:01.419697  level=WARNING component=backend Scheduled task completed successfully.
2024-10-02T10:50:05.142872  level=WARNING component=backend Cache miss for key user_123.
2024-10-02T10:50:07.413652  level=ERROR component=backend Failed to retrieve data from API.
2024-10-02T10:50:08.733154  level=ERROR component=backend Unexpected error occurred in processing request.
2024-10-02T10:50:11.885125  level=DEBUG component=backend Database connection established.
2024-10-02T10:50:16.084152  level=INFO component=backend Failed to retrieve data from API.
2024-10-02T10:50:18.266842  level=WARNING component=backend Cache miss for key user_123.
2024-10-02T10:50:19.863381  level=INFO component=backend Cache miss for key user_123.
2024-10-02T10:50:24.874834  level=ERROR component=backend Failed to retrieve data from API.
2024-10-02T10:50:29.337259  level=ERROR component=backend Unexpected error occurred in processing request.
2024-10-02T10:50:31.101517  level=DEBUG component=backend Cache miss for key user_123.
2024-10-02T10:50:35.365786  level=INFO component=backend Cache miss for key user_123.
2024-10-02T10:50:37.021253  level=WARNING component=backend Cache miss for key user_123.
2024-10-02T10:50:38.659908  level=WARNING component=backend Database connection established.
2024-10-02T10:50:41.319525  level=INFO component=backend Cache miss for key user_123.
2024-10-02T10:50:42.565405  level=CRITICAL component=backend Unexpected error occurred in processing request.
2024-10-02T10:50:46.483823  level=CRITICAL component=backend Unexpected error occurred in processing request.
2024-10-02T10:50:49.289655  level=ERROR component=backend Database connection established.
2024-10-02T10:50:53.266154  level=DEBUG component=backend User authentication succeeded.
2024-10-02T10:50:55.150604  level=DEBUG component=backend Database connection established.
2024-10-02T10:50:58.362767  level=DEBUG component=backend Failed to retrieve data from API.
2024-10-02T10:51:02.412943  level=INFO component=backend Unexpected error occurred in processing request.
2024-10-02T10:51:04.618534  level=WARNING component=backend Scheduled task completed successfully.
2024-10-02T10:51:06.825445  level=INFO component=backend Scheduled task completed successfully.
2024-10-02T10:51:08.050186  level=DEBUG component=backend Scheduled task completed successfully.
2024-10-02T10:51:12.178700  level=CRITICAL component=backend Database connection established.
2024-10-02T10:51:13.450202  level=INFO component=backend User authentication succeeded.
