{"timestamp": "2024-10-02T10:49:35.703342", "level": "CRITICAL", "component": "backend2", "message": "Processed transaction ID 78910.", "transaction_id": 30798, "user_id": 2020}
{"timestamp": "2024-10-02T10:49:40.492281", "level": "INFO", "component": "backend2", "message": "Failed to send notification email.", "transaction_id": 88313, "user_id": 6383}
{"timestamp": "2024-10-02T10:49:44.865098", "level": "WARNING", "component": "backend2", "message": "Scheduled maintenance task initiated.", "transaction_id": 32665, "user_id": 4137}
{"timestamp": "2024-10-02T10:49:47.698418", "level": "DEBUG", "component": "backend2", "message": "User profile updated successfully.", "transaction_id": 14356, "user_id": 1711}
{"timestamp": "2024-10-02T10:49:51.634241", "level": "ERROR", "component": "backend2", "message": "Processed transaction ID 78910.", "transaction_id": 52094, "user_id": 4131}
{"timestamp": "2024-10-02T10:49:56.463824", "level": "CRITICAL", "component": "backend2", "message": "New API endpoint deployed.", "transaction_id": 77275, "user_id": 1457}
{"timestamp": "2024-10-02T10:49:59.060702", "level": "WARNING", "component": "backend2", "message": "User profile updated successfully.", "transaction_id": 33359, "user_id": 7180}
{"timestamp": "2024-10-02T10:50:02.332267", "level": "INFO", "component": "backend2", "message": "Processed transaction ID 78910.", "transaction_id": 71577, "user_id": 3656}
{"timestamp": "2024-10-02T10:50:06.883304", "level": "DEBUG", "component": "backend2", "message": "New API endpoint deployed.", "transaction_id": 79325, "user_id": 4032}
{"timestamp": "2024-10-02T10:50:08.070793", "level": "DEBUG", "component": "backend2", "message": "New API endpoint deployed.", "transaction_id": 79596, "user_id": 6041}
{"timestamp": "2024-10-02T10:50:10.247008", "level": "INFO", "component": "backend2", "message": "Failed to send notification email.", "transaction_id": 85083, "user_id": 5122}
{"timestamp": "2024-10-02T10:50:11.650464", "level": "CRITICAL", "component": "backend2", "message": "Scheduled maintenance task initiated.", "transaction_id": 73555, "user_id": 1913}
{"timestamp": "2024-10-02T10:50:13.865591", "level": "CRITICAL", "component": "backend2", "message": "New API endpoint deployed.", "transaction_id": 94474, "user_id": 5732}
{"timestamp": "2024-10-02T10:50:14.944456", "level": "INFO", "component": "backend2", "message": "Failed to send notification email.", "transaction_id": 11349, "user_id": 7841}
{"timestamp": "2024-10-02T10:50:18.852458", "level": "CRITICAL", "component": "backend2", "message": "Processed transaction ID 78910.", "transaction_id": 90064, "user_id": 1590}
{"timestamp": "2024-10-02T10:50:21.063875", "level": "ERROR", "component": "backend2", "message": "Processed transaction ID 78910.", "transaction_id": 37615, "user_id": 5996}
{"timestamp": "2024-10-02T10:50:23.433162", "level": "DEBUG", "component": "backend2", "message": "Processed transaction ID 78910.", "transaction_id": 56043, "user_id": 7950}
{"timestamp": "2024-10-02T10:50:27.201227", "level": "DEBUG", "component": "backend2", "message": "Failed to send notification email.", "transaction_id": 30608, "user_id": 3862}
{"timestamp": "2024-10-02T10:50:30.374587", "level": "DEBUG", "component": "backend2", "message": "User profile updated successfully.", "transaction_id": 95486, "user_id": 1904}
{"timestamp": "2024-10-02T10:50:34.954147", "level": "DEBUG", "component": "backend2", "message": "Processed transaction ID 78910.", "transaction_id": 19426, "user_id": 5522}
{"timestamp": "2024-10-02T10:50:37.590889", "level": "CRITICAL", "component": "backend2", "message": "Cache cleared for session ID abc123.", "transaction_id": 78048, "user_id": 1470}
{"timestamp": "2024-10-02T10:50:38.867853", "level": "INFO", "component": "backend2", "message": "Processed transaction ID 78910.", "transaction_id": 62830, "user_id": 9853}
{"timestamp": "2024-10-02T10:50:42.602598", "level": "ERROR", "component": "backend2", "message": "New API endpoint deployed.", "transaction_id": 97521, "user_id": 9054}
{"timestamp": "2024-10-02T10:50:47.389335", "level": "ERROR", "component": "backend2", "message": "New API endpoint deployed.", "transaction_id": 41650, "user_id": 3599}
{"timestamp": "2024-10-02T10:50:51.521341", "level": "CRITICAL", "component": "backend2", "message": "Scheduled maintenance task initiated.", "transaction_id": 48683, "user_id": 4806}
{"timestamp": "2024-10-02T10:50:53.086334", "level": "CRITICAL", "component": "backend2", "message": "Cache cleared for session ID abc123.", "transaction_id": 72410, "user_id": 9742}
{"timestamp": "2024-10-02T10:50:55.257405", "level": "WARNING", "component": "backend2", "message": "Cache cleared for session ID abc123.", "transaction_id": 21839, "user_id": 5265}
{"timestamp": "2024-10-02T10:50:58.855995", "level": "ERROR", "component": "backend2", "message": "Cache cleared for session ID abc123.", "transaction_id": 59648, "user_id": 4124}
{"timestamp": "2024-10-02T10:51:02.750118", "level": "WARNING", "component": "backend2", "message": "Cache cleared for session ID abc123.", "transaction_id": 80120, "user_id": 4585}
{"timestamp": "2024-10-02T10:51:05.115037", "level": "ERROR", "component": "backend2", "message": "Scheduled maintenance task initiated.", "transaction_id": 81881, "user_id": 1189}
{"timestamp": "2024-10-02T10:51:07.218685", "level": "CRITICAL", "component": "backend2", "message": "Processed transaction ID 78910.", "transaction_id": 81048, "user_id": 6963}
{"timestamp": "2024-10-02T10:51:10.191789", "level": "CRITICAL", "component": "backend2", "message": "Failed to send notification email.", "transaction_id": 59733, "user_id": 8519}
{"timestamp": "2024-10-02T10:51:14.602823", "level": "DEBUG", "component": "backend2", "message": "New API endpoint deployed.", "transaction_id": 24691, "user_id": 5664}
