2024-10-02T10:43:27.500621  level=WARNING component=database Data backup completed.
2024-10-02T10:43:32.215177  level=INFO component=database Data backup completed.
2024-10-02T10:43:34.209479  level=CRITICAL component=database Data backup completed.
2024-10-02T10:43:35.427398  level=INFO component=database Query executed in 120ms.
2024-10-02T10:43:37.297897  level=WARNING component=database Data backup completed.
2024-10-02T10:43:41.455100  level=WARNING component=database Data backup completed.
2024-10-02T10:43:46.089052  level=WARNING component=database Failed to write to table orders.
2024-10-02T10:43:47.365154  level=CRITICAL component=database Failed to write to table orders.
2024-10-02T10:43:48.769543  level=CRITICAL component=database Data backup completed.
2024-10-02T10:43:53.395231  level=DEBUG component=database Replication lag detected.
2024-10-02T10:49:35.703267  level=DEBUG component=database Query executed in 120ms.
2024-10-02T10:49:40.502745  level=ERROR component=database Database connection lost.
2024-10-02T10:49:41.514145  level=ERROR component=database Replication lag detected.
2024-10-02T10:49:45.566345  level=CRITICAL component=database Query executed in 120ms.
2024-10-02T10:49:50.509692  level=DEBUG component=database Query executed in 120ms.
2024-10-02T10:49:53.527113  level=WARNING component=database Index rebuilt successfully.
2024-10-02T10:49:54.819495  level=DEBUG component=database Index rebuilt successfully.
2024-10-02T10:49:59.325028  level=DEBUG component=database Database connection lost.
2024-10-02T10:50:02.967206  level=WARNING component=database Data backup completed.
2024-10-02T10:50:06.204161  level=CRITICAL component=database Replication lag detected.
2024-10-02T10:50:08.764902  level=INFO component=database Data backup completed.
2024-10-02T10:50:11.321905  level=WARNING component=database Database connection lost.
2024-10-02T10:50:12.902480  level=DEBUG component=database Data backup completed.
2024-10-02T10:50:17.526015  level=CRITICAL component=database Index rebuilt successfully.
2024-10-02T10:50:22.361639  level=INFO component=database Replication lag detected.
2024-10-02T10:50:26.126514  level=CRITICAL component=database Data backup completed.
2024-10-02T10:50:27.768327  level=DEBUG component=database Index rebuilt successfully.
2024-10-02T10:50:29.514513  level=INFO component=database Query executed in 120ms.
2024-10-02T10:50:31.737066  level=CRITICAL component=database Replication lag detected.
2024-10-02T10:50:33.546988  level=ERROR component=database Index rebuilt successfully.
2024-10-02T10:50:35.356372  level=DEBUG component=database Data backup completed.
2024-10-02T10:50:38.613464  level=ERROR component=database Query executed in 120ms.
2024-10-02T10:50:40.672218  level=CRITICAL component=database Index rebuilt successfully.
2024-10-02T10:50:45.620663  level=DEBUG component=database Index rebuilt successfully.
2024-10-02T10:50:49.413835  level=ERROR component=database Query executed in 120ms.
2024-10-02T10:50:51.609519  level=ERROR component=database Database connection lost.
2024-10-02T10:50:52.699686  level=CRITICAL component=database Data backup completed.
2024-10-02T10:50:55.697584  level=INFO component=database Database connection lost.
2024-10-02T10:51:00.594176  level=DEBUG component=database Query executed in 120ms.
2024-10-02T10:51:05.561629  level=ERROR component=database Failed to write to table orders.
2024-10-02T10:51:07.845228  level=ERROR component=database Data backup completed.
2024-10-02T10:51:10.509079  level=CRITICAL component=database Replication lag detected.
2024-10-02T10:51:14.265357  level=INFO component=database Replication lag detected.
