2024-10-02T10:43:27.499565  level=DEBUG component=frontend User session expired.
2024-10-02T10:43:30.360140  level=INFO component=frontend User clicked the login button.
2024-10-02T10:43:35.095245  level=INFO component=frontend UI component rendered.
2024-10-02T10:43:38.477012  level=ERROR component=frontend User session expired.
2024-10-02T10:43:43.161125  level=INFO component=frontend User session expired.
2024-10-02T10:43:44.830803  level=CRITICAL component=frontend User clicked the login button.
2024-10-02T10:43:46.065475  level=INFO component=frontend UI component rendered.
2024-10-02T10:43:48.743649  level=ERROR component=frontend User clicked the login button.
2024-10-02T10:43:49.960602  level=DEBUG component=frontend UI component rendered.
2024-10-02T10:43:53.196668  level=WARNING component=frontend User clicked the login button.
2024-10-02T10:49:35.703024  level=INFO component=frontend Resource loaded: main.css.
2024-10-02T10:49:37.101756  level=WARNING component=frontend User session expired.
2024-10-02T10:49:38.447800  level=INFO component=frontend User clicked the login button.
2024-10-02T10:49:40.910518  level=INFO component=frontend User clicked the login button.
2024-10-02T10:49:43.170842  level=ERROR component=frontend Resource loaded: main.css.
2024-10-02T10:49:46.410520  level=ERROR component=frontend UI component rendered.
2024-10-02T10:49:49.448173  level=WARNING component=frontend JavaScript error on line 45.
2024-10-02T10:49:52.323268  level=WARNING component=frontend Resource loaded: main.css.
2024-10-02T10:49:56.414519  level=INFO component=frontend Page loaded successfully.
2024-10-02T10:50:00.600330  level=CRITICAL component=frontend User clicked the login button.
2024-10-02T10:50:05.577739  level=DEBUG component=frontend User clicked the login button.
2024-10-02T10:50:09.878986  level=CRITICAL component=frontend JavaScript error on line 45.
2024-10-02T10:50:14.259218  level=ERROR component=frontend User clicked the login button.
2024-10-02T10:50:19.097832  level=ERROR component=frontend User clicked the login button.
2024-10-02T10:50:23.152486  level=CRITICAL component=frontend User session expired.
2024-10-02T10:50:27.527192  level=WARNING component=frontend User session expired.
2024-10-02T10:50:30.278537  level=WARNING component=frontend User session expired.
2024-10-02T10:50:34.380638  level=ERROR component=frontend User clicked the login button.
2024-10-02T10:50:39.157363  level=ERROR component=frontend UI component rendered.
2024-10-02T10:50:40.336414  level=INFO component=frontend Resource loaded: main.css.
2024-10-02T10:50:41.361793  level=DEBUG component=frontend JavaScript error on line 45.
2024-10-02T10:50:44.543294  level=CRITICAL component=frontend JavaScript error on line 45.
2024-10-02T10:50:48.046281  level=WARNING component=frontend UI component rendered.
2024-10-02T10:50:51.071693  level=WARNING component=frontend Resource loaded: main.css.
2024-10-02T10:50:54.387302  level=ERROR component=frontend UI component rendered.
2024-10-02T10:50:56.701528  level=ERROR component=frontend Page loaded successfully.
2024-10-02T10:51:00.586907  level=WARNING component=frontend User clicked the login button.
2024-10-02T10:51:05.234675  level=ERROR component=frontend Resource loaded: main.css.
2024-10-02T10:51:06.880258  level=ERROR component=frontend User session expired.
2024-10-02T10:51:11.243141  level=DEBUG component=frontend JavaScript error on line 45.
